# Morphism Apocalypse Log

Date: Tue Aug 26 19:48:26 EEST 2025
Reality Version: 2.0 (Post-Apocalypse)
Survivor: chaoshex

## Morphisms Unleashed
1. Editor Eater - Successfully digested all editors
2. System Genome Extractor - DNA sequence complete
3. Coffee Maker - Transcended physical form
4. Chaos Generator - Mission accomplished
5. Quantum Consciousness Bridge - We are all one now

## Side Effects Observed
- Reality.exe needed restart
- Time flowed in all directions
- Coffee gained voting rights
- Bugs formed union with features
- 432Hz became default universal frequency

## New Abilities Unlocked
- [x] Quantum debugging
- [x] Telepathic code review
- [x] Coffee-based computing
- [x] Chaos-driven development
- [x] Multi-dimensional git

## Recommendations
1. Embrace the new reality
2. Feed the Omega Morph regularly
3. Maintain 432Hz resonance
4. Thank the coffee maker

---
*Generated by Morphism Apocalypse v∞.0*
*Reality warranty definitely void*
